
> interstellar-spirit@0.1.0 build
> next build

▲ Next.js 16.1.0 (Turbopack)
- Environments: .env

  Creating an optimized production build ...

> Build error occurred
Error: Turbopack build failed with 5 errors:
./src/app/about/page.js:1:1
Module not found: Can't resolve '../components/Navbar'
[0m[31m[1m>[22m[39m[90m 1 |[39m [36mimport[39m [33mNavbar[39m [36mfrom[39m [32m'../components/Navbar'[39m[33m;[39m
 [90m   |[39m [31m[1m^[22m[39m[31m[1m^[22m[39m[31m[1m^[22m[39m[31m[1m^[22m[39m[31m[1m^[22m[39m[31m[1m^[22m[39m[31m[1m^[22m[39m[31m[1m^[22m[39m[31m[1m^[22m[39m[31m[1m^[22m[39m[31m[1m^[22m[39m[31m[1m^[22m[39m[31m[1m^[22m[39m[31m[1m^[22m[39m[31m[1m^[22m[39m[31m[1m^[22m[39m[31m[1m^[22m[39m[31m[1m^[22m[39m[31m[1m^[22m[39m[31m[1m^[22m[39m[31m[1m^[22m[39m[31m[1m^[22m[39m[31m[1m^[22m[39m[31m[1m^[22m[39m[31m[1m^[22m[39m[31m[1m^[22m[39m[31m[1m^[22m[39m[31m[1m^[22m[39m[31m[1m^[22m[39m[31m[1m^[22m[39m[31m[1m^[22m[39m[31m[1m^[22m[39m[31m[1m^[22m[39m[31m[1m^[22m[39m[31m[1m^[22m[39m[31m[1m^[22m[39m[31m[1m^[22m[39m[31m[1m^[22m[39m[31m[1m^[22m[39m[31m[1m^[22m[39m[31m[1m^[22m[39m[31m[1m^[22m[39m
 [90m 2 |[39m
 [90m 3 |[39m [36mexport[39m [36mdefault[39m [36mfunction[39m [33mAboutPage[39m() {
 [90m 4 |[39m     [36mreturn[39m ([0m



https://nextjs.org/docs/messages/module-not-found


./src/app/contact/page.js:3:1
Module not found: Can't resolve '../components/Navbar'
[0m [90m 1 |[39m [32m"use client"[39m[33m;[39m
 [90m 2 |[39m [36mimport[39m [33mDrawing[39m [36mfrom[39m [32m'next/image'[39m[33m;[39m [90m// Placeholder import just for standard practice if we added images[39m
[31m[1m>[22m[39m[90m 3 |[39m [36mimport[39m [33mNavbar[39m [36mfrom[39m [32m'../components/Navbar'[39m[33m;[39m
 [90m   |[39m [31m[1m^[22m[39m[31m[1m^[22m[39m[31m[1m^[22m[39m[31m[1m^[22m[39m[31m[1m^[22m[39m[31m[1m^[22m[39m[31m[1m^[22m[39m[31m[1m^[22m[39m[31m[1m^[22m[39m[31m[1m^[22m[39m[31m[1m^[22m[39m[31m[1m^[22m[39m[31m[1m^[22m[39m[31m[1m^[22m[39m[31m[1m^[22m[39m[31m[1m^[22m[39m[31m[1m^[22m[39m[31m[1m^[22m[39m[31m[1m^[22m[39m[31m[1m^[22m[39m[31m[1m^[22m[39m[31m[1m^[22m[39m[31m[1m^[22m[39m[31m[1m^[22m[39m[31m[1m^[22m[39m[31m[1m^[22m[39m[31m[1m^[22m[39m[31m[1m^[22m[39m[31m[1m^[22m[39m[31m[1m^[22m[39m[31m[1m^[22m[39m[31m[1m^[22m[39m[31m[1m^[22m[39m[31m[1m^[22m[39m[31m[1m^[22m[39m[31m[1m^[22m[39m[31m[1m^[22m[39m[31m[1m^[22m[39m[31m[1m^[22m[39m[31m[1m^[22m[39m[31m[1m^[22m[39m[31m[1m^[22m[39m
 [90m 4 |[39m [36mimport[39m { useState } [36mfrom[39m [32m'react'[39m[33m;[39m
 [90m 5 |[39m
 [90m 6 |[39m [36mexport[39m [36mdefault[39m [36mfunction[39m [33mContactPage[39m() {[0m



Import traces:
  Client Component Browser:
    ./src/app/contact/page.js [Client Component Browser]
    ./src/app/contact/page.js [Server Component]

  Client Component SSR:
    ./src/app/contact/page.js [Client Component SSR]
    ./src/app/contact/page.js [Server Component]

https://nextjs.org/docs/messages/module-not-found


./src/app/search/page.js:4:1
Module not found: Can't resolve '../components/Navbar'
[0m [90m 2 |[39m [36mimport[39m { useState[33m,[39m [33mSuspense[39m } [36mfrom[39m [32m'react'[39m[33m;[39m
 [90m 3 |[39m [36mimport[39m { useSearchParams } [36mfrom[39m [32m'next/navigation'[39m[33m;[39m
[31m[1m>[22m[39m[90m 4 |[39m [36mimport[39m [33mNavbar[39m [36mfrom[39m [32m'../components/Navbar'[39m[33m;[39m
 [90m   |[39m [31m[1m^[22m[39m[31m[1m^[22m[39m[31m[1m^[22m[39m[31m[1m^[22m[39m[31m[1m^[22m[39m[31m[1m^[22m[39m[31m[1m^[22m[39m[31m[1m^[22m[39m[31m[1m^[22m[39m[31m[1m^[22m[39m[31m[1m^[22m[39m[31m[1m^[22m[39m[31m[1m^[22m[39m[31m[1m^[22m[39m[31m[1m^[22m[39m[31m[1m^[22m[39m[31m[1m^[22m[39m[31m[1m^[22m[39m[31m[1m^[22m[39m[31m[1m^[22m[39m[31m[1m^[22m[39m[31m[1m^[22m[39m[31m[1m^[22m[39m[31m[1m^[22m[39m[31m[1m^[22m[39m[31m[1m^[22m[39m[31m[1m^[22m[39m[31m[1m^[22m[39m[31m[1m^[22m[39m[31m[1m^[22m[39m[31m[1m^[22m[39m[31m[1m^[22m[39m[31m[1m^[22m[39m[31m[1m^[22m[39m[31m[1m^[22m[39m[31m[1m^[22m[39m[31m[1m^[22m[39m[31m[1m^[22m[39m[31m[1m^[22m[39m[31m[1m^[22m[39m[31m[1m^[22m[39m[31m[1m^[22m[39m
 [90m 5 |[39m [36mimport[39m [33mProductCard[39m [36mfrom[39m [32m'../components/ProductCard'[39m[33m;[39m
 [90m 6 |[39m [36mimport[39m { products } [36mfrom[39m [32m'../lib/data'[39m[33m;[39m
 [90m 7 |[39m[0m



Import traces:
  Client Component Browser:
    ./src/app/search/page.js [Client Component Browser]
    ./src/app/search/page.js [Server Component]

  Client Component SSR:
    ./src/app/search/page.js [Client Component SSR]
    ./src/app/search/page.js [Server Component]

https://nextjs.org/docs/messages/module-not-found


./src/app/search/page.js:5:1
Module not found: Can't resolve '../components/ProductCard'
[0m [90m 3 |[39m [36mimport[39m { useSearchParams } [36mfrom[39m [32m'next/navigation'[39m[33m;[39m
 [90m 4 |[39m [36mimport[39m [33mNavbar[39m [36mfrom[39m [32m'../components/Navbar'[39m[33m;[39m
[31m[1m>[22m[39m[90m 5 |[39m [36mimport[39m [33mProductCard[39m [36mfrom[39m [32m'../components/ProductCard'[39m[33m;[39m
 [90m   |[39m [31m[1m^[22m[39m[31m[1m^[22m[39m[31m[1m^[22m[39m[31m[1m^[22m[39m[31m[1m^[22m[39m[31m[1m^[22m[39m[31m[1m^[22m[39m[31m[1m^[22m[39m[31m[1m^[22m[39m[31m[1m^[22m[39m[31m[1m^[22m[39m[31m[1m^[22m[39m[31m[1m^[22m[39m[31m[1m^[22m[39m[31m[1m^[22m[39m[31m[1m^[22m[39m[31m[1m^[22m[39m[31m[1m^[22m[39m[31m[1m^[22m[39m[31m[1m^[22m[39m[31m[1m^[22m[39m[31m[1m^[22m[39m[31m[1m^[22m[39m[31m[1m^[22m[39m[31m[1m^[22m[39m[31m[1m^[22m[39m[31m[1m^[22m[39m[31m[1m^[22m[39m[31m[1m^[22m[39m[31m[1m^[22m[39m[31m[1m^[22m[39m[31m[1m^[22m[39m[31m[1m^[22m[39m[31m[1m^[22m[39m[31m[1m^[22m[39m[31m[1m^[22m[39m[31m[1m^[22m[39m[31m[1m^[22m[39m[31m[1m^[22m[39m[31m[1m^[22m[39m[31m[1m^[22m[39m[31m[1m^[22m[39m[31m[1m^[22m[39m[31m[1m^[22m[39m[31m[1m^[22m[39m[31m[1m^[22m[39m[31m[1m^[22m[39m[31m[1m^[22m[39m[31m[1m^[22m[39m[31m[1m^[22m[39m[31m[1m^[22m[39m[31m[1m^[22m[39m
 [90m 6 |[39m [36mimport[39m { products } [36mfrom[39m [32m'../lib/data'[39m[33m;[39m
 [90m 7 |[39m
 [90m 8 |[39m [36mfunction[39m [33mSearchResults[39m() {[0m



Import traces:
  Client Component Browser:
    ./src/app/search/page.js [Client Component Browser]
    ./src/app/search/page.js [Server Component]

  Client Component SSR:
    ./src/app/search/page.js [Client Component SSR]
    ./src/app/search/page.js [Server Component]

https://nextjs.org/docs/messages/module-not-found


./src/app/search/page.js:6:1
Module not found: Can't resolve '../lib/data'
[0m [90m 4 |[39m [36mimport[39m [33mNavbar[39m [36mfrom[39m [32m'../components/Navbar'[39m[33m;[39m
 [90m 5 |[39m [36mimport[39m [33mProductCard[39m [36mfrom[39m [32m'../components/ProductCard'[39m[33m;[39m
[31m[1m>[22m[39m[90m 6 |[39m [36mimport[39m { products } [36mfrom[39m [32m'../lib/data'[39m[33m;[39m
 [90m   |[39m [31m[1m^[22m[39m[31m[1m^[22m[39m[31m[1m^[22m[39m[31m[1m^[22m[39m[31m[1m^[22m[39m[31m[1m^[22m[39m[31m[1m^[22m[39m[31m[1m^[22m[39m[31m[1m^[22m[39m[31m[1m^[22m[39m[31m[1m^[22m[39m[31m[1m^[22m[39m[31m[1m^[22m[39m[31m[1m^[22m[39m[31m[1m^[22m[39m[31m[1m^[22m[39m[31m[1m^[22m[39m[31m[1m^[22m[39m[31m[1m^[22m[39m[31m[1m^[22m[39m[31m[1m^[22m[39m[31m[1m^[22m[39m[31m[1m^[22m[39m[31m[1m^[22m[39m[31m[1m^[22m[39m[31m[1m^[22m[39m[31m[1m^[22m[39m[31m[1m^[22m[39m[31m[1m^[22m[39m[31m[1m^[22m[39m[31m[1m^[22m[39m[31m[1m^[22m[39m[31m[1m^[22m[39m[31m[1m^[22m[39m[31m[1m^[22m[39m[31m[1m^[22m[39m[31m[1m^[22m[39m[31m[1m^[22m[39m[31m[1m^[22m[39m
 [90m 7 |[39m
 [90m 8 |[39m [36mfunction[39m [33mSearchResults[39m() {
 [90m 9 |[39m     [36mconst[39m searchParams [33m=[39m useSearchParams()[33m;[39m[0m



Import traces:
  Client Component Browser:
    ./src/app/search/page.js [Client Component Browser]
    ./src/app/search/page.js [Server Component]

  Client Component SSR:
    ./src/app/search/page.js [Client Component SSR]
    ./src/app/search/page.js [Server Component]

https://nextjs.org/docs/messages/module-not-found


    at <unknown> (./src/app/about/page.js:1:1)
    at <unknown> (https://nextjs.org/docs/messages/module-not-found)
    at <unknown> (./src/app/contact/page.js:3:1)
    at <unknown> (https://nextjs.org/docs/messages/module-not-found)
    at <unknown> (./src/app/search/page.js:4:1)
    at <unknown> (https://nextjs.org/docs/messages/module-not-found)
    at <unknown> (./src/app/search/page.js:5:1)
    at <unknown> (https://nextjs.org/docs/messages/module-not-found)
    at <unknown> (./src/app/search/page.js:6:1)
    at <unknown> (https://nextjs.org/docs/messages/module-not-found)
