
> interstellar-spirit@0.1.0 build
> next build

▲ Next.js 16.1.0 (Turbopack)
- Environments: .env

  Creating an optimized production build ...
✓ Compiled successfully in 2.6s
  Running TypeScript ...
  Collecting page data using 15 workers ...
  Generating static pages using 15 workers (0/16) ...
  Generating static pages using 15 workers (4/16) 
  Generating static pages using 15 workers (8/16) 
  Generating static pages using 15 workers (12/16) 
✓ Generating static pages using 15 workers (16/16) in 542.8ms
  Finalizing page optimization ...

Route (app)
┌ ○ /
├ ○ /_not-found
├ ○ /about
├ ƒ /api/auth/[...nextauth]
├ ƒ /api/create-order
├ ƒ /api/register
├ ƒ /api/shiprocket
├ ƒ /api/userExists
├ ○ /cart
├ ○ /checkout
├ ○ /contact
├ ○ /login
├ ○ /register
├ ○ /search
├ ○ /shop
└ ƒ /shop/[id]


○  (Static)   prerendered as static content
ƒ  (Dynamic)  server-rendered on demand

